<?xml version="1.0" encoding="utf-8"?>
<TestRun id="a2aa3769-e4c8-4f4f-9409-60710fac9875" name="Marcelo Silva@MARCELOPC 2020-10-14 14:43:19" runUser="MARCELOPC\Marcelo Silva" xmlns="http://microsoft.com/schemas/VisualStudio/TeamTest/2010">
  <Times creation="2020-10-14T14:43:19.3051507-03:00" queuing="2020-10-14T14:43:19.3051522-03:00" start="2020-10-14T14:43:17.4782962-03:00" finish="2020-10-14T14:43:19.3218675-03:00" />
  <TestSettings name="default" id="35d06b46-e3fd-4ec5-903d-4798bbd0deae">
    <Deployment runDeploymentRoot="Marcelo_Silva_MARCELOPC_2020-10-14_14_43_19" />
  </TestSettings>
  <Results>
    <UnitTestResult executionId="b0b77b6a-bf57-4485-9da3-b21fe6423287" testId="e6193565-cfc7-66f2-851e-30345578943f" testName="To_view_Register_page_the_user_dont_need_to_be_authorized" computerName="MARCELOPC" duration="00:00:00.0008523" startTime="2020-10-14T14:43:18.5510187-03:00" endTime="2020-10-14T14:43:18.5520188-03:00" testType="13cdc9d9-ddb5-4fa4-a97d-d965ccfc6d4b" outcome="Passed" testListId="8c84fa94-04c1-424b-9868-57a2d4851a1d" relativeResultsDirectory="b0b77b6a-bf57-4485-9da3-b21fe6423287" />
    <UnitTestResult executionId="5a4c1e80-b0cc-484a-99ce-ca90a130f0d7" testId="1372517f-4c75-c73e-8253-240ee65a9141" testName="IndexViewTest" computerName="MARCELOPC" duration="00:00:00.0002297" startTime="2020-10-14T14:43:18.7350173-03:00" endTime="2020-10-14T14:43:18.7350173-03:00" testType="13cdc9d9-ddb5-4fa4-a97d-d965ccfc6d4b" outcome="Passed" testListId="8c84fa94-04c1-424b-9868-57a2d4851a1d" relativeResultsDirectory="5a4c1e80-b0cc-484a-99ce-ca90a130f0d7" />
    <UnitTestResult executionId="7c45417b-d253-4afa-befc-affe4ec53c89" testId="9ddb0a6d-126f-bdac-6cd9-39bcf728423c" testName="ContactViewTest" computerName="MARCELOPC" duration="00:00:00.0007764" startTime="2020-10-14T14:43:18.7340190-03:00" endTime="2020-10-14T14:43:18.7350173-03:00" testType="13cdc9d9-ddb5-4fa4-a97d-d965ccfc6d4b" outcome="Passed" testListId="8c84fa94-04c1-424b-9868-57a2d4851a1d" relativeResultsDirectory="7c45417b-d253-4afa-befc-affe4ec53c89" />
    <UnitTestResult executionId="b71b9329-5292-4303-bd3f-3d86cde6ab81" testId="40b55851-42bb-dcca-c762-9ccb785cb860" testName="AboutViewTest" computerName="MARCELOPC" duration="00:00:00.1509018" startTime="2020-10-14T14:43:18.5530194-03:00" endTime="2020-10-14T14:43:18.7040177-03:00" testType="13cdc9d9-ddb5-4fa4-a97d-d965ccfc6d4b" outcome="Passed" testListId="8c84fa94-04c1-424b-9868-57a2d4851a1d" relativeResultsDirectory="b71b9329-5292-4303-bd3f-3d86cde6ab81" />
    <UnitTestResult executionId="8a55fa87-de3f-41f1-8a88-6bdc47d51b5e" testId="d97a3cb3-c6c6-62e7-40b1-715c7b37cea6" testName="RegisterViewTest" computerName="MARCELOPC" duration="00:00:00.0040956" startTime="2020-10-14T14:43:18.5470185-03:00" endTime="2020-10-14T14:43:18.5510187-03:00" testType="13cdc9d9-ddb5-4fa4-a97d-d965ccfc6d4b" outcome="Passed" testListId="8c84fa94-04c1-424b-9868-57a2d4851a1d" relativeResultsDirectory="8a55fa87-de3f-41f1-8a88-6bdc47d51b5e" />
    <UnitTestResult executionId="5c9c3880-6665-4c44-aeef-1ac256633eab" testId="2d42415d-10ae-3a74-ba32-a0817fb3c307" testName="To_view_About_page_the_user_must_be_authorized" computerName="MARCELOPC" duration="00:00:00.0295287" startTime="2020-10-14T14:43:18.7040177-03:00" endTime="2020-10-14T14:43:18.7340190-03:00" testType="13cdc9d9-ddb5-4fa4-a97d-d965ccfc6d4b" outcome="Passed" testListId="8c84fa94-04c1-424b-9868-57a2d4851a1d" relativeResultsDirectory="5c9c3880-6665-4c44-aeef-1ac256633eab" />
    <UnitTestResult executionId="86dfab70-3e35-466a-a708-569a3002c1a8" testId="3e6420d0-73d7-1fa1-ce7b-f5557933e3f0" testName="To_view_Login_page_the_user_dont_need_to_be_authorized" computerName="MARCELOPC" duration="00:00:00.1851893" startTime="2020-10-14T14:43:18.2150178-03:00" endTime="2020-10-14T14:43:18.5420184-03:00" testType="13cdc9d9-ddb5-4fa4-a97d-d965ccfc6d4b" outcome="Passed" testListId="8c84fa94-04c1-424b-9868-57a2d4851a1d" relativeResultsDirectory="86dfab70-3e35-466a-a708-569a3002c1a8" />
    <UnitTestResult executionId="ad56c1b0-3f1b-45ed-80e3-99acde67f01f" testId="355dbe8c-3c60-6fa2-7651-fdef3389da7c" testName="IndexViewTest" computerName="MARCELOPC" duration="00:00:00.0002765" startTime="2020-10-14T14:43:18.5520188-03:00" endTime="2020-10-14T14:43:18.5530194-03:00" testType="13cdc9d9-ddb5-4fa4-a97d-d965ccfc6d4b" outcome="Passed" testListId="8c84fa94-04c1-424b-9868-57a2d4851a1d" relativeResultsDirectory="ad56c1b0-3f1b-45ed-80e3-99acde67f01f" />
  </Results>
  <TestDefinitions>
    <UnitTest name="RegisterViewTest" storage="c:\users\marce\onedrive\área de trabalho\git\futmobile\src\futmobile\futmobile.tests\bin\debug\futmobile.tests.dll" id="d97a3cb3-c6c6-62e7-40b1-715c7b37cea6">
      <Execution id="8a55fa87-de3f-41f1-8a88-6bdc47d51b5e" />
      <TestMethod codeBase="C:\Users\marce\OneDrive\Área de Trabalho\GIT\FutMobile\src\FutMobile\FutMobile.Tests\bin\Debug\FutMobile.Tests.dll" adapterTypeName="executor://mstestadapter/v2" className="FutMobile.Tests.Controllers.AccountControllerTest" name="RegisterViewTest" />
    </UnitTest>
    <UnitTest name="AboutViewTest" storage="c:\users\marce\onedrive\área de trabalho\git\futmobile\src\futmobile\futmobile.tests\bin\debug\futmobile.tests.dll" id="40b55851-42bb-dcca-c762-9ccb785cb860">
      <Execution id="b71b9329-5292-4303-bd3f-3d86cde6ab81" />
      <TestMethod codeBase="C:\Users\marce\OneDrive\Área de Trabalho\GIT\FutMobile\src\FutMobile\FutMobile.Tests\bin\Debug\FutMobile.Tests.dll" adapterTypeName="executor://mstestadapter/v2" className="FutMobile.Tests.Controllers.HomeControllerTest" name="AboutViewTest" />
    </UnitTest>
    <UnitTest name="IndexViewTest" storage="c:\users\marce\onedrive\área de trabalho\git\futmobile\src\futmobile\futmobile.tests\bin\debug\futmobile.tests.dll" id="355dbe8c-3c60-6fa2-7651-fdef3389da7c">
      <Execution id="ad56c1b0-3f1b-45ed-80e3-99acde67f01f" />
      <TestMethod codeBase="C:\Users\marce\OneDrive\Área de Trabalho\GIT\FutMobile\src\FutMobile\FutMobile.Tests\bin\Debug\FutMobile.Tests.dll" adapterTypeName="executor://mstestadapter/v2" className="FutMobile.Tests.Controllers.HomeControllerTest" name="IndexViewTest" />
    </UnitTest>
    <UnitTest name="To_view_Login_page_the_user_dont_need_to_be_authorized" storage="c:\users\marce\onedrive\área de trabalho\git\futmobile\src\futmobile\futmobile.tests\bin\debug\futmobile.tests.dll" id="3e6420d0-73d7-1fa1-ce7b-f5557933e3f0">
      <Execution id="86dfab70-3e35-466a-a708-569a3002c1a8" />
      <TestMethod codeBase="C:\Users\marce\OneDrive\Área de Trabalho\GIT\FutMobile\src\FutMobile\FutMobile.Tests\bin\Debug\FutMobile.Tests.dll" adapterTypeName="executor://mstestadapter/v2" className="FutMobile.Tests.Controllers.AccountControllerTest" name="To_view_Login_page_the_user_dont_need_to_be_authorized" />
    </UnitTest>
    <UnitTest name="ContactViewTest" storage="c:\users\marce\onedrive\área de trabalho\git\futmobile\src\futmobile\futmobile.tests\bin\debug\futmobile.tests.dll" id="9ddb0a6d-126f-bdac-6cd9-39bcf728423c">
      <Execution id="7c45417b-d253-4afa-befc-affe4ec53c89" />
      <TestMethod codeBase="C:\Users\marce\OneDrive\Área de Trabalho\GIT\FutMobile\src\FutMobile\FutMobile.Tests\bin\Debug\FutMobile.Tests.dll" adapterTypeName="executor://mstestadapter/v2" className="FutMobile.Tests.Controllers.HomeControllerTest" name="ContactViewTest" />
    </UnitTest>
    <UnitTest name="To_view_About_page_the_user_must_be_authorized" storage="c:\users\marce\onedrive\área de trabalho\git\futmobile\src\futmobile\futmobile.tests\bin\debug\futmobile.tests.dll" id="2d42415d-10ae-3a74-ba32-a0817fb3c307">
      <Execution id="5c9c3880-6665-4c44-aeef-1ac256633eab" />
      <TestMethod codeBase="C:\Users\marce\OneDrive\Área de Trabalho\GIT\FutMobile\src\FutMobile\FutMobile.Tests\bin\Debug\FutMobile.Tests.dll" adapterTypeName="executor://mstestadapter/v2" className="FutMobile.Tests.Controllers.HomeControllerTest" name="To_view_About_page_the_user_must_be_authorized" />
    </UnitTest>
    <UnitTest name="IndexViewTest" storage="c:\users\marce\onedrive\área de trabalho\git\futmobile\src\futmobile\futmobile.tests\bin\debug\futmobile.tests.dll" id="1372517f-4c75-c73e-8253-240ee65a9141">
      <Execution id="5a4c1e80-b0cc-484a-99ce-ca90a130f0d7" />
      <TestMethod codeBase="C:\Users\marce\OneDrive\Área de Trabalho\GIT\FutMobile\src\FutMobile\FutMobile.Tests\bin\Debug\FutMobile.Tests.dll" adapterTypeName="executor://mstestadapter/v2" className="FutMobile.Tests.Controllers.RestrictedControllerTest" name="IndexViewTest" />
    </UnitTest>
    <UnitTest name="To_view_Register_page_the_user_dont_need_to_be_authorized" storage="c:\users\marce\onedrive\área de trabalho\git\futmobile\src\futmobile\futmobile.tests\bin\debug\futmobile.tests.dll" id="e6193565-cfc7-66f2-851e-30345578943f">
      <Execution id="b0b77b6a-bf57-4485-9da3-b21fe6423287" />
      <TestMethod codeBase="C:\Users\marce\OneDrive\Área de Trabalho\GIT\FutMobile\src\FutMobile\FutMobile.Tests\bin\Debug\FutMobile.Tests.dll" adapterTypeName="executor://mstestadapter/v2" className="FutMobile.Tests.Controllers.AccountControllerTest" name="To_view_Register_page_the_user_dont_need_to_be_authorized" />
    </UnitTest>
  </TestDefinitions>
  <TestEntries>
    <TestEntry testId="e6193565-cfc7-66f2-851e-30345578943f" executionId="b0b77b6a-bf57-4485-9da3-b21fe6423287" testListId="8c84fa94-04c1-424b-9868-57a2d4851a1d" />
    <TestEntry testId="1372517f-4c75-c73e-8253-240ee65a9141" executionId="5a4c1e80-b0cc-484a-99ce-ca90a130f0d7" testListId="8c84fa94-04c1-424b-9868-57a2d4851a1d" />
    <TestEntry testId="9ddb0a6d-126f-bdac-6cd9-39bcf728423c" executionId="7c45417b-d253-4afa-befc-affe4ec53c89" testListId="8c84fa94-04c1-424b-9868-57a2d4851a1d" />
    <TestEntry testId="40b55851-42bb-dcca-c762-9ccb785cb860" executionId="b71b9329-5292-4303-bd3f-3d86cde6ab81" testListId="8c84fa94-04c1-424b-9868-57a2d4851a1d" />
    <TestEntry testId="d97a3cb3-c6c6-62e7-40b1-715c7b37cea6" executionId="8a55fa87-de3f-41f1-8a88-6bdc47d51b5e" testListId="8c84fa94-04c1-424b-9868-57a2d4851a1d" />
    <TestEntry testId="2d42415d-10ae-3a74-ba32-a0817fb3c307" executionId="5c9c3880-6665-4c44-aeef-1ac256633eab" testListId="8c84fa94-04c1-424b-9868-57a2d4851a1d" />
    <TestEntry testId="3e6420d0-73d7-1fa1-ce7b-f5557933e3f0" executionId="86dfab70-3e35-466a-a708-569a3002c1a8" testListId="8c84fa94-04c1-424b-9868-57a2d4851a1d" />
    <TestEntry testId="355dbe8c-3c60-6fa2-7651-fdef3389da7c" executionId="ad56c1b0-3f1b-45ed-80e3-99acde67f01f" testListId="8c84fa94-04c1-424b-9868-57a2d4851a1d" />
  </TestEntries>
  <TestLists>
    <TestList name="Resultados que não estão em uma lista" id="8c84fa94-04c1-424b-9868-57a2d4851a1d" />
    <TestList name="Todos os resultados carregados" id="19431567-8539-422a-85d7-44ee4e166bda" />
  </TestLists>
  <ResultSummary outcome="Completed">
    <Counters total="8" executed="8" passed="8" failed="0" error="0" timeout="0" aborted="0" inconclusive="0" passedButRunAborted="0" notRunnable="0" notExecuted="0" disconnected="0" warning="0" completed="0" inProgress="0" pending="0" />
  </ResultSummary>
</TestRun>